Build started 8/8/2014 2:01:08 AM.
     1>Project "\\psf\Home\Documents\Visual Studio 2010\Projects\1234\1234\1234.vcxproj" on node 2 (build target(s)).
     1>InitializeBuildStatus:
         Creating "Debug\1234.unsuccessfulbuild" because "AlwaysCreate" was specified.
       ClCompile:
         C:\Program Files (x86)\Microsoft Visual Studio 10.0\VC\bin\CL.exe /c /ZI /nologo /W3 /WX- /Od /Oy- /D WIN32 /D _DEBUG /D _WINDOWS /D _MBCS /Gm /EHsc /RTC1 /MDd /GS /fp:precise /Zc:wchar_t /Zc:forScope /Fo"Debug\\" /Fd"Debug\vc100.pdb" /Gd /TP /wd4244 /analyze- /errorReport:prompt background.cpp gamecode.cpp obstacle.cpp player.cpp splash.cpp
         splash.cpp
         player.cpp
         obstacle.cpp
         gamecode.cpp
         background.cpp
         Generating Code...
       ManifestResourceCompile:
         All outputs are up-to-date.
       Link:
         C:\Program Files (x86)\Microsoft Visual Studio 10.0\VC\bin\link.exe /ERRORREPORT:PROMPT /OUT:"\\psf\Home\Documents\Visual Studio 2010\Projects\1234\Debug\1234.exe" /INCREMENTAL /NOLOGO kernel32.lib user32.lib gdi32.lib winspool.lib comdlg32.lib advapi32.lib shell32.lib ole32.lib oleaut32.lib uuid.lib odbc32.lib odbccp32.lib /MANIFEST /ManifestFile:"Debug\1234.exe.intermediate.manifest" /MANIFESTUAC:"level='asInvoker' uiAccess='false'" /DEBUG /PDB:"\\psf\Home\Documents\Visual Studio 2010\Projects\1234\Debug\1234.pdb" /SUBSYSTEM:WINDOWS /TLBID:1 /DYNAMICBASE /NXCOMPAT /IMPLIB:"\\psf\Home\Documents\Visual Studio 2010\Projects\1234\Debug\1234.lib" /MACHINE:X86 Debug\1234.exe.embed.manifest.res
         Debug\background.obj
         Debug\ErrorLogger.obj
         Debug\gamecode.obj
         Debug\gametimer.obj
         Debug\mydrawengine.obj
         Debug\myinputs.obj
         Debug\mypicture.obj
         Debug\mysound.obj
         Debug\mysoundengine.obj
         Debug\obstacle.obj
         Debug\player.obj
         Debug\splash.obj
         Debug\vector2D.obj
         Debug\wincode.obj
       Manifest:
         C:\Program Files (x86)\Microsoft SDKs\Windows\v7.0A\bin\mt.exe /nologo /verbose /out:"Debug\1234.exe.embed.manifest" /manifest Debug\1234.exe.intermediate.manifest
         All outputs are up-to-date.
       LinkEmbedManifest:
         All outputs are up-to-date.
         1234.vcxproj -> \\psf\Home\Documents\Visual Studio 2010\Projects\1234\Debug\1234.exe
       FinalizeBuildStatus:
         Deleting file "Debug\1234.unsuccessfulbuild".
         Touching "Debug\1234.lastbuildstate".
     1>Done Building Project "\\psf\Home\Documents\Visual Studio 2010\Projects\1234\1234\1234.vcxproj" (build target(s)).

Build succeeded.

Time Elapsed 00:00:06.73
